2022.11.20 18:22:44 INFO  tracing is disabled for protocol LSP, to enable tracing of incoming and outgoing JSON messages create an empty file at /home/black/Working/332project/.metals/lsp.trace.json or /home/black/.cache/metals/lsp.trace.json
2022.11.20 18:22:45 INFO  logging to file /home/black/Working/332project/.metals/metals.log
2022.11.20 18:22:45 INFO  Started: Metals version 0.11.9 in workspace '/home/black/Working/332project' for client Visual Studio Code 1.73.1.
2022.11.20 18:22:45 WARN  Can't instantiate JavaInteractiveSemanticdb (version: JdkVersion(8), jdkHome: /usr/lib/jvm/java-8-openjdk-amd64, javac exists: false)
2022.11.20 18:22:46 INFO  time: initialize in 0.9s
2022.11.20 18:22:46 WARN  Build server is not auto-connectable.
2022.11.20 18:23:30 WARN  no build target for: /home/black/Working/332project/build.sbt
2022.11.20 18:23:39 WARN  no build target for: /home/black/Working/332project/build.sbt
2022.11.20 18:23:48 INFO  no build target found for /home/black/Working/332project/build.sbt. Using presentation compiler with project's scala-library version: 3.2.0
2022.11.20 18:23:49 INFO  time: code lens generation in 1.05s
2022.11.20 18:24:13 WARN  no build target for: /home/black/Working/332project/build.sbt
Nov 20, 2022 6:24:23 PM org.eclipse.lsp4j.jsonrpc.RemoteEndpoint handleNotification
WARNING: Notification threw an exception: {
  "jsonrpc": "2.0",
  "method": "workspace/didChangeWatchedFiles",
  "params": {
    "changes": [
      {
        "uri": "file:///home/black/Working/332project/build.sbt",
        "type": 3
      }
    ]
  }
}
java.lang.RuntimeException: java.lang.reflect.InvocationTargetException
	at org.eclipse.lsp4j.jsonrpc.services.GenericEndpoint.lambda$null$0(GenericEndpoint.java:67)
	at org.eclipse.lsp4j.jsonrpc.services.GenericEndpoint.notify(GenericEndpoint.java:152)
	at org.eclipse.lsp4j.jsonrpc.RemoteEndpoint.handleNotification(RemoteEndpoint.java:220)
	at org.eclipse.lsp4j.jsonrpc.RemoteEndpoint.consume(RemoteEndpoint.java:187)
	at org.eclipse.lsp4j.jsonrpc.json.StreamMessageProducer.handleMessage(StreamMessageProducer.java:194)
	at org.eclipse.lsp4j.jsonrpc.json.StreamMessageProducer.listen(StreamMessageProducer.java:94)
	at org.eclipse.lsp4j.jsonrpc.json.ConcurrentMessageProcessor.run(ConcurrentMessageProcessor.java:113)
	at java.util.concurrent.Executors$RunnableAdapter.call(Executors.java:511)
	at java.util.concurrent.FutureTask.run(FutureTask.java:266)
	at java.util.concurrent.ThreadPoolExecutor.runWorker(ThreadPoolExecutor.java:1149)
	at java.util.concurrent.ThreadPoolExecutor$Worker.run(ThreadPoolExecutor.java:624)
	at java.lang.Thread.run(Thread.java:750)
Caused by: java.lang.reflect.InvocationTargetException
	at sun.reflect.NativeMethodAccessorImpl.invoke0(Native Method)
	at sun.reflect.NativeMethodAccessorImpl.invoke(NativeMethodAccessorImpl.java:62)
	at sun.reflect.DelegatingMethodAccessorImpl.invoke(DelegatingMethodAccessorImpl.java:43)
	at java.lang.reflect.Method.invoke(Method.java:498)
	at org.eclipse.lsp4j.jsonrpc.services.GenericEndpoint.lambda$null$0(GenericEndpoint.java:65)
	... 11 more
Caused by: java.nio.file.NoSuchFileException: /home/black/Working/332project/build.sbt
	at sun.nio.fs.UnixException.translateToIOException(UnixException.java:86)
	at sun.nio.fs.UnixException.rethrowAsIOException(UnixException.java:102)
	at sun.nio.fs.UnixException.rethrowAsIOException(UnixException.java:107)
	at sun.nio.fs.UnixFileSystemProvider.newByteChannel(UnixFileSystemProvider.java:214)
	at java.nio.file.Files.newByteChannel(Files.java:361)
	at java.nio.file.Files.newByteChannel(Files.java:407)
	at java.nio.file.Files.readAllBytes(Files.java:3152)
	at scala.meta.internal.io.PlatformFileIO$.slurp(PlatformFileIO.scala:45)
	at scala.meta.internal.io.FileIO$.slurp(FileIO.scala:24)
	at scala.meta.internal.metals.MetalsLanguageServer.$anonfun$onChange$1(MetalsLanguageServer.scala:1459)
	at scala.meta.internal.metals.MetalsLanguageServer.$anonfun$onChange$1$adapted(MetalsLanguageServer.scala:1458)
	at scala.collection.immutable.List.foreach(List.scala:333)
	at scala.meta.internal.metals.MetalsLanguageServer.onChange(MetalsLanguageServer.scala:1458)
	at scala.meta.internal.metals.MetalsLanguageServer.didChangeWatchedFiles(MetalsLanguageServer.scala:1401)
	... 16 more

2022.11.20 18:27:25 WARN  no build target for: /home/black/Working/332project/build.sbt
2022.11.20 18:28:55 WARN  no build target for: /home/black/Working/332project/build.sbt
Nov 20, 2022 6:34:33 PM org.eclipse.lsp4j.jsonrpc.services.GenericEndpoint notify
INFO: Unsupported notification method: $/setTrace
Nov 20, 2022 6:50:56 PM org.eclipse.lsp4j.jsonrpc.services.GenericEndpoint notify
INFO: Unsupported notification method: $/setTrace
Nov 20, 2022 7:33:01 PM org.eclipse.lsp4j.jsonrpc.services.GenericEndpoint notify
INFO: Unsupported notification method: $/setTrace
Nov 20, 2022 7:33:01 PM org.eclipse.lsp4j.jsonrpc.services.GenericEndpoint notify
INFO: Unsupported notification method: $/setTrace
Nov 20, 2022 8:09:25 PM org.eclipse.lsp4j.jsonrpc.services.GenericEndpoint notify
INFO: Unsupported notification method: $/setTrace
Nov 20, 2022 8:17:44 PM org.eclipse.lsp4j.jsonrpc.services.GenericEndpoint notify
INFO: Unsupported notification method: $/setTrace
2022.11.20 21:25:46 INFO  tracing is disabled for protocol LSP, to enable tracing of incoming and outgoing JSON messages create an empty file at /home/black/Working/332project/.metals/lsp.trace.json or /home/black/.cache/metals/lsp.trace.json
2022.11.20 21:25:47 INFO  logging to file /home/black/Working/332project/.metals/metals.log
2022.11.20 21:25:47 INFO  Started: Metals version 0.11.9 in workspace '/home/black/Working/332project' for client Visual Studio Code 1.73.1.
2022.11.20 21:25:47 WARN  Can't instantiate JavaInteractiveSemanticdb (version: JdkVersion(8), jdkHome: /usr/lib/jvm/java-8-openjdk-amd64, javac exists: false)
2022.11.20 21:25:47 INFO  time: initialize in 0.64s
2022.11.20 21:25:48 WARN  Build server is not auto-connectable.
Nov 20, 2022 9:26:05 PM org.eclipse.lsp4j.jsonrpc.services.GenericEndpoint notify
INFO: Unsupported notification method: $/setTrace
Nov 20, 2022 9:26:52 PM org.eclipse.lsp4j.jsonrpc.services.GenericEndpoint notify
INFO: Unsupported notification method: $/setTrace
Nov 20, 2022 9:26:52 PM org.eclipse.lsp4j.jsonrpc.services.GenericEndpoint notify
INFO: Unsupported notification method: $/setTrace
2022.11.20 21:27:15 WARN  no build target for: /home/black/Working/332project/main/scala/ServerBase.scala
2022.11.20 21:27:18 INFO  no build target found for /home/black/Working/332project/main/scala/ServerBase.scala. Using presentation compiler with project's scala-library version: 3.2.0
2022.11.20 21:27:21 INFO  time: code lens generation in 4.63s
2022.11.20 21:27:21 INFO  time: code lens generation in 4.89s
2022.11.20 21:27:21 WARN  no build target for: /home/black/Working/332project/main/scala/ServerBase.scala
Nov 20, 2022 9:27:21 PM org.eclipse.lsp4j.jsonrpc.RemoteEndpoint handleCancellation
WARNING: Unmatched cancel notification for request id 12
Nov 20, 2022 9:27:21 PM org.eclipse.lsp4j.jsonrpc.RemoteEndpoint handleCancellation
WARNING: Unmatched cancel notification for request id 13
Nov 20, 2022 9:27:21 PM org.eclipse.lsp4j.jsonrpc.RemoteEndpoint handleCancellation
WARNING: Unmatched cancel notification for request id 19
2022.11.20 21:29:28 WARN  no build target for: /home/black/Working/332project/main/scala/ServerBase.scala
2022.11.20 21:29:32 WARN  no build target for: /home/black/Working/332project/main/scala/ServerBase.scala
2022.11.20 21:29:32 WARN  no build target for: /home/black/Working/332project/main/scala/ServerBase.scala
2022.11.20 21:29:33 WARN  no build target for: /home/black/Working/332project/main/scala/ServerBase.scala
2022.11.20 21:29:33 WARN  no build target for: /home/black/Working/332project/main/scala/ServerBase.scala
2022.11.20 21:29:34 WARN  no build target for: /home/black/Working/332project/main/scala/Master/MasterServer.scala
2022.11.20 21:30:03 WARN  no build target for: /home/black/Working/332project/main/scala/Master/Main.scala
2022.11.20 21:30:12 WARN  no build target for: /home/black/Working/332project/main/scala/Master/Main.scala
2022.11.20 21:30:14 WARN  no build target for: /home/black/Working/332project/main/scala/Master/Main.scala
2022.11.20 21:30:28 WARN  no build target for: /home/black/Working/332project/main/scala/Worker/Mai.scala
2022.11.20 21:30:40 WARN  no build target for: /home/black/Working/332project/main/scala/Worker/Main.scala
2022.11.20 21:31:01 WARN  no build target for: /home/black/Working/332project/main/scala/Worker/WorkerServer.scala
2022.11.20 21:31:26 WARN  no build target for: /home/black/Working/332project/main/scala/Worker/WorkerServer.scala
2022.11.20 21:31:33 WARN  no build target for: /home/black/Working/332project/main/scala/Master/MasterServer.scala
2022.11.20 21:32:15 WARN  no build target for: /home/black/Working/332project/main/scala/Master/MasterServer.scala
2022.11.20 21:32:17 WARN  no build target for: /home/black/Working/332project/main/scala/Master/MasterServer.scala
Nov 20, 2022 9:39:23 PM org.eclipse.lsp4j.jsonrpc.RemoteEndpoint handleCancellation
WARNING: Unmatched cancel notification for request id 379
Nov 20, 2022 9:42:38 PM org.eclipse.lsp4j.jsonrpc.RemoteEndpoint handleCancellation
WARNING: Unmatched cancel notification for request id 725
2022.11.20 21:43:39 WARN  no build target for: /home/black/Working/332project/main/scala/ServerBase.scala
2022.11.20 21:44:45 WARN  no build target for: /home/black/Working/332project/main/scala/ServerBase.scala
Nov 20, 2022 9:45:07 PM org.eclipse.lsp4j.jsonrpc.RemoteEndpoint handleCancellation
WARNING: Unmatched cancel notification for request id 913
2022.11.20 21:46:33 WARN  no build target for: /home/black/Working/332project/main/scala/ServerBase.scala
2022.11.20 21:46:33 WARN  no build target for: /home/black/Working/332project/main/scala/ServerBase.scala
2022.11.20 21:46:36 WARN  no build target for: /home/black/Working/332project/main/scala/Master/Main.scala
Nov 20, 2022 9:48:54 PM org.eclipse.lsp4j.jsonrpc.RemoteEndpoint handleCancellation
WARNING: Unmatched cancel notification for request id 1208
Nov 20, 2022 9:48:55 PM org.eclipse.lsp4j.jsonrpc.RemoteEndpoint handleCancellation
WARNING: Unmatched cancel notification for request id 1210
2022.11.20 21:50:32 WARN  no build target for: /home/black/Working/332project/main/scala/ServerBase.scala
2022.11.20 21:50:45 WARN  no build target for: /home/black/Working/332project/main/scala/ServerBase.scala
2022.11.20 21:51:06 WARN  no build target for: /home/black/Working/332project/main/scala/ServerBase.scala
2022.11.20 21:51:39 WARN  no build target for: /home/black/Working/332project/main/scala/ServerBase.scala
2022.11.20 21:58:27 WARN  no build target for: /home/black/Working/332project/main/scala/Master/MasterServer.scala
2022.11.20 22:04:38 WARN  no build target for: /home/black/Working/332project/main/scala/Master/MasterServer.scala
2022.11.20 22:11:00 WARN  no build target for: /home/black/Working/332project/main/scala/ServerBase.scala
2022.11.20 22:11:00 WARN  no build target for: /home/black/Working/332project/main/scala/ServerBase.scala
2022.11.20 22:11:11 WARN  no build target for: /home/black/Working/332project/main/scala/ServerBase.scala
2022.11.20 22:11:13 WARN  no build target for: /home/black/Working/332project/main/scala/Worker/WorkerServer.scala
2022.11.20 22:11:15 WARN  no build target for: /home/black/Working/332project/main/scala/Worker/Main.scala
2022.11.20 22:11:17 WARN  no build target for: /home/black/Working/332project/main/scala/Master/Main.scala
2022.11.20 22:11:18 WARN  no build target for: /home/black/Working/332project/main/scala/Worker/Main.scala
2022.11.20 22:11:19 WARN  no build target for: /home/black/Working/332project/main/scala/Worker/WorkerServer.scala
2022.11.20 22:11:25 WARN  no build target for: /home/black/Working/332project/main/scala/Master/MasterServer.scala
2022.11.20 22:11:27 WARN  no build target for: /home/black/Working/332project/main/scala/Master/MasterServer.scala
2022.11.20 22:11:43 WARN  no build target for: /home/black/Working/332project/main/scala/Master/MasterServer.scala
Nov 20, 2022 10:12:23 PM org.eclipse.lsp4j.jsonrpc.RemoteEndpoint handleCancellation
WARNING: Unmatched cancel notification for request id 1904
2022.11.20 22:12:29 WARN  no build target for: /home/black/Working/332project/main/scala/Master/MasterServer.scala
2022.11.20 22:12:52 WARN  no build target for: /home/black/Working/332project/main/scala/ServerBase.scala
2022.11.20 22:12:52 WARN  no build target for: /home/black/Working/332project/main/scala/ServerBase.scala
2022.11.20 22:13:18 WARN  no build target for: /home/black/Working/332project/main/scala/ServerBase.scala
2022.11.20 22:14:44 WARN  no build target for: /home/black/Working/332project/main/scala/Master/MasterServer.scala
2022.11.20 22:15:17 WARN  no build target for: /home/black/Working/332project/main/scala/Master/MasterServer.scala
2022.11.20 22:15:25 WARN  no build target for: /home/black/Working/332project/main/scala/Master/MasterServer.scala
2022.11.20 22:19:53 WARN  no build target for: /home/black/Working/332project/main/scala/Master/MasterServer.scala
Nov 20, 2022 10:21:59 PM org.eclipse.lsp4j.jsonrpc.RemoteEndpoint handleCancellation
WARNING: Unmatched cancel notification for request id 2351
Nov 20, 2022 10:23:53 PM org.eclipse.lsp4j.jsonrpc.RemoteEndpoint handleCancellation
WARNING: Unmatched cancel notification for request id 2545
Nov 20, 2022 10:23:53 PM org.eclipse.lsp4j.jsonrpc.RemoteEndpoint handleCancellation
WARNING: Unmatched cancel notification for request id 2546
2022.11.20 22:24:00 WARN  no build target for: /home/black/Working/332project/main/scala/Master/MasterServer.scala
2022.11.20 22:25:08 WARN  no build target for: /home/black/Working/332project/main/scala/Master/MasterServer.scala
2022.11.20 22:26:51 WARN  no build target for: /home/black/Working/332project/main/scala/Master/MasterServer.scala
2022.11.20 23:48:42 WARN  no build target for: /home/black/Working/332project/main/scala/Master/MasterServer.scala
Nov 21, 2022 12:17:57 AM org.eclipse.lsp4j.jsonrpc.services.GenericEndpoint notify
INFO: Unsupported notification method: $/setTrace
Nov 21, 2022 12:22:46 AM org.eclipse.lsp4j.jsonrpc.services.GenericEndpoint notify
INFO: Unsupported notification method: $/setTrace
Nov 21, 2022 12:22:46 AM org.eclipse.lsp4j.jsonrpc.services.GenericEndpoint notify
INFO: Unsupported notification method: $/setTrace
Nov 21, 2022 12:22:46 AM org.eclipse.lsp4j.jsonrpc.services.GenericEndpoint notify
INFO: Unsupported notification method: $/setTrace
Nov 21, 2022 12:25:58 AM org.eclipse.lsp4j.jsonrpc.services.GenericEndpoint notify
INFO: Unsupported notification method: $/setTrace
Nov 21, 2022 12:25:58 AM org.eclipse.lsp4j.jsonrpc.services.GenericEndpoint notify
INFO: Unsupported notification method: $/setTrace
Nov 21, 2022 12:25:58 AM org.eclipse.lsp4j.jsonrpc.services.GenericEndpoint notify
INFO: Unsupported notification method: $/setTrace
Nov 21, 2022 12:25:58 AM org.eclipse.lsp4j.jsonrpc.services.GenericEndpoint notify
INFO: Unsupported notification method: $/setTrace
Nov 21, 2022 12:34:30 AM org.eclipse.lsp4j.jsonrpc.services.GenericEndpoint notify
INFO: Unsupported notification method: $/setTrace
Nov 21, 2022 12:34:30 AM org.eclipse.lsp4j.jsonrpc.services.GenericEndpoint notify
INFO: Unsupported notification method: $/setTrace
Nov 21, 2022 12:34:30 AM org.eclipse.lsp4j.jsonrpc.services.GenericEndpoint notify
INFO: Unsupported notification method: $/setTrace
Nov 21, 2022 12:34:30 AM org.eclipse.lsp4j.jsonrpc.services.GenericEndpoint notify
INFO: Unsupported notification method: $/setTrace
2022.11.21 00:57:03 INFO  shutting down Metals
2022.11.21 09:09:10 WARN  no build target for: /home/black/Working/332project/main/scala/Master/MasterServer.scala
2022.11.21 09:10:05 INFO  shutting down Metals
2022.11.21 09:10:05 ERROR Unexpected error initializing serverorg.eclipse.lsp4j.jsonrpc.ResponseErrorException: Request window/showMessageRequest failed with message: Canceled
	at org.eclipse.lsp4j.jsonrpc.RemoteEndpoint.handleResponse(RemoteEndpoint.java:209)
	at org.eclipse.lsp4j.jsonrpc.RemoteEndpoint.consume(RemoteEndpoint.java:193)
	at org.eclipse.lsp4j.jsonrpc.json.StreamMessageProducer.handleMessage(StreamMessageProducer.java:194)
	at org.eclipse.lsp4j.jsonrpc.json.StreamMessageProducer.listen(StreamMessageProducer.java:94)
	at org.eclipse.lsp4j.jsonrpc.json.ConcurrentMessageProcessor.run(ConcurrentMessageProcessor.java:113)
	at java.util.concurrent.Executors$RunnableAdapter.call(Executors.java:511)
	at java.util.concurrent.FutureTask.run(FutureTask.java:266)
	at java.util.concurrent.ThreadPoolExecutor.runWorker(ThreadPoolExecutor.java:1149)
	at java.util.concurrent.ThreadPoolExecutor$Worker.run(ThreadPoolExecutor.java:624)
	at java.lang.Thread.run(Thread.java:750)

2022.11.23 02:24:59 INFO  tracing is disabled for protocol LSP, to enable tracing of incoming and outgoing JSON messages create an empty file at /home/black/Working/332project/.metals/lsp.trace.json or /home/black/.cache/metals/lsp.trace.json
2022.11.23 02:25:00 INFO  logging to file /home/black/Working/332project/.metals/metals.log
2022.11.23 02:25:00 INFO  Started: Metals version 0.11.9 in workspace '/home/black/Working/332project' for client Visual Studio Code 1.73.1.
2022.11.23 02:25:00 WARN  Can't instantiate JavaInteractiveSemanticdb (version: JdkVersion(8), jdkHome: /usr/lib/jvm/java-8-openjdk-amd64, javac exists: false)
2022.11.23 02:25:00 INFO  time: initialize in 0.95s
2022.11.23 02:25:01 WARN  Build server is not auto-connectable.
Nov 23, 2022 2:29:06 AM org.eclipse.lsp4j.jsonrpc.services.GenericEndpoint notify
INFO: Unsupported notification method: $/setTrace
Nov 23, 2022 2:29:59 AM org.eclipse.lsp4j.jsonrpc.services.GenericEndpoint notify
INFO: Unsupported notification method: $/setTrace
Nov 23, 2022 4:03:02 AM org.eclipse.lsp4j.jsonrpc.services.GenericEndpoint notify
INFO: Unsupported notification method: $/setTrace
Nov 23, 2022 4:18:24 AM org.eclipse.lsp4j.jsonrpc.services.GenericEndpoint notify
INFO: Unsupported notification method: $/setTrace
Nov 23, 2022 4:30:23 AM org.eclipse.lsp4j.jsonrpc.services.GenericEndpoint notify
INFO: Unsupported notification method: $/setTrace
Nov 23, 2022 4:41:20 AM org.eclipse.lsp4j.jsonrpc.services.GenericEndpoint notify
INFO: Unsupported notification method: $/setTrace
Nov 23, 2022 4:47:40 AM org.eclipse.lsp4j.jsonrpc.services.GenericEndpoint notify
INFO: Unsupported notification method: $/setTrace
Nov 23, 2022 5:05:36 AM org.eclipse.lsp4j.jsonrpc.services.GenericEndpoint notify
INFO: Unsupported notification method: $/setTrace
Nov 23, 2022 5:05:36 AM org.eclipse.lsp4j.jsonrpc.services.GenericEndpoint notify
INFO: Unsupported notification method: $/setTrace
Nov 23, 2022 5:05:36 AM org.eclipse.lsp4j.jsonrpc.services.GenericEndpoint notify
INFO: Unsupported notification method: $/setTrace
Nov 23, 2022 5:10:19 AM org.eclipse.lsp4j.jsonrpc.services.GenericEndpoint notify
INFO: Unsupported notification method: $/setTrace
Nov 23, 2022 6:05:54 AM org.eclipse.lsp4j.jsonrpc.services.GenericEndpoint notify
INFO: Unsupported notification method: $/setTrace
Nov 23, 2022 6:12:04 AM org.eclipse.lsp4j.jsonrpc.services.GenericEndpoint notify
INFO: Unsupported notification method: $/setTrace
Nov 23, 2022 6:17:50 AM org.eclipse.lsp4j.jsonrpc.services.GenericEndpoint notify
INFO: Unsupported notification method: $/setTrace
Nov 23, 2022 6:28:46 AM org.eclipse.lsp4j.jsonrpc.services.GenericEndpoint notify
INFO: Unsupported notification method: $/setTrace
Nov 23, 2022 6:40:41 AM org.eclipse.lsp4j.jsonrpc.services.GenericEndpoint notify
INFO: Unsupported notification method: $/setTrace
Nov 23, 2022 6:46:42 AM org.eclipse.lsp4j.jsonrpc.services.GenericEndpoint notify
INFO: Unsupported notification method: $/setTrace
Nov 23, 2022 6:52:39 AM org.eclipse.lsp4j.jsonrpc.services.GenericEndpoint notify
INFO: Unsupported notification method: $/setTrace
Nov 23, 2022 7:03:37 AM org.eclipse.lsp4j.jsonrpc.services.GenericEndpoint notify
INFO: Unsupported notification method: $/setTrace
Nov 23, 2022 7:09:54 AM org.eclipse.lsp4j.jsonrpc.services.GenericEndpoint notify
INFO: Unsupported notification method: $/setTrace
Nov 23, 2022 7:15:41 AM org.eclipse.lsp4j.jsonrpc.services.GenericEndpoint notify
INFO: Unsupported notification method: $/setTrace
Nov 23, 2022 7:21:34 AM org.eclipse.lsp4j.jsonrpc.services.GenericEndpoint notify
INFO: Unsupported notification method: $/setTrace
Nov 23, 2022 7:27:33 AM org.eclipse.lsp4j.jsonrpc.services.GenericEndpoint notify
INFO: Unsupported notification method: $/setTrace
Nov 23, 2022 7:38:30 AM org.eclipse.lsp4j.jsonrpc.services.GenericEndpoint notify
INFO: Unsupported notification method: $/setTrace
Nov 23, 2022 7:44:46 AM org.eclipse.lsp4j.jsonrpc.services.GenericEndpoint notify
INFO: Unsupported notification method: $/setTrace
Nov 23, 2022 7:50:28 AM org.eclipse.lsp4j.jsonrpc.services.GenericEndpoint notify
INFO: Unsupported notification method: $/setTrace
Nov 23, 2022 7:56:26 AM org.eclipse.lsp4j.jsonrpc.services.GenericEndpoint notify
INFO: Unsupported notification method: $/setTrace
Nov 23, 2022 8:07:24 AM org.eclipse.lsp4j.jsonrpc.services.GenericEndpoint notify
INFO: Unsupported notification method: $/setTrace
Nov 23, 2022 8:13:34 AM org.eclipse.lsp4j.jsonrpc.services.GenericEndpoint notify
INFO: Unsupported notification method: $/setTrace
Nov 23, 2022 8:19:21 AM org.eclipse.lsp4j.jsonrpc.services.GenericEndpoint notify
INFO: Unsupported notification method: $/setTrace
Nov 23, 2022 8:25:19 AM org.eclipse.lsp4j.jsonrpc.services.GenericEndpoint notify
INFO: Unsupported notification method: $/setTrace
2022.11.23 08:36:17 INFO  shutting down Metals
2022.11.23 08:36:17 ERROR Unexpected error initializing serverorg.eclipse.lsp4j.jsonrpc.ResponseErrorException: Request window/showMessageRequest failed with message: Canceled
	at org.eclipse.lsp4j.jsonrpc.RemoteEndpoint.handleResponse(RemoteEndpoint.java:209)
	at org.eclipse.lsp4j.jsonrpc.RemoteEndpoint.consume(RemoteEndpoint.java:193)
	at org.eclipse.lsp4j.jsonrpc.json.StreamMessageProducer.handleMessage(StreamMessageProducer.java:194)
	at org.eclipse.lsp4j.jsonrpc.json.StreamMessageProducer.listen(StreamMessageProducer.java:94)
	at org.eclipse.lsp4j.jsonrpc.json.ConcurrentMessageProcessor.run(ConcurrentMessageProcessor.java:113)
	at java.util.concurrent.Executors$RunnableAdapter.call(Executors.java:511)
	at java.util.concurrent.FutureTask.run(FutureTask.java:266)
	at java.util.concurrent.ThreadPoolExecutor.runWorker(ThreadPoolExecutor.java:1149)
	at java.util.concurrent.ThreadPoolExecutor$Worker.run(ThreadPoolExecutor.java:624)
	at java.lang.Thread.run(Thread.java:750)

2022.11.24 15:31:56 INFO  tracing is disabled for protocol LSP, to enable tracing of incoming and outgoing JSON messages create an empty file at /home/black/Working/332project/.metals/lsp.trace.json or /home/black/.cache/metals/lsp.trace.json
2022.11.24 15:31:56 INFO  logging to file /home/black/Working/332project/.metals/metals.log
2022.11.24 15:31:56 INFO  Started: Metals version 0.11.9 in workspace '/home/black/Working/332project' for client Visual Studio Code 1.73.1.
2022.11.24 15:31:56 WARN  Can't instantiate JavaInteractiveSemanticdb (version: JdkVersion(8), jdkHome: /usr/lib/jvm/java-8-openjdk-amd64, javac exists: false)
2022.11.24 15:31:57 INFO  time: initialize in 0.89s
2022.11.24 15:31:58 WARN  Build server is not auto-connectable.
2022.11.24 15:31:58 WARN  no build target for: /home/black/Working/332project/main/scala/Master/MasterServer.scala
2022.11.24 15:32:01 INFO  no build target found for /home/black/Working/332project/main/scala/Master/MasterServer.scala. Using presentation compiler with project's scala-library version: 3.2.0
2022.11.24 15:32:03 INFO  time: code lens generation in 1.56s
2022.11.24 15:40:52 WARN  no build target for: /home/black/Working/332project/main/scala/Master/MasterServer.scala
2022.11.24 16:01:24 WARN  no build target for: /home/black/Working/332project/main/scala/Master/MasterServer.scala
2022.11.24 16:01:26 WARN  no build target for: /home/black/Working/332project/main/scala/ServerBase.scala
2022.11.24 16:07:06 WARN  no build target for: /home/black/Working/332project/main/scala/Master/MasterServer.scala
2022.11.24 16:08:33 WARN  no build target for: /home/black/Working/332project/main/scala/Master/MasterServer.scala
2022.11.24 16:11:42 WARN  no build target for: /home/black/Working/332project/main/scala/Master/Main.scala
2022.11.24 16:20:42 WARN  no build target for: /home/black/Working/332project/main/scala/Master/Main.scala
2022.11.24 16:39:01 WARN  no build target for: /home/black/Working/332project/main/scala/Worker/WorkerServer.scala
2022.11.24 16:39:16 WARN  no build target for: /home/black/Working/332project/main/scala/Worker/WorkerServer.scala
2022.11.24 16:42:08 WARN  no build target for: /home/black/Working/332project/main/scala/Worker/WorkerServer.scala
2022.11.24 16:42:23 WARN  no build target for: /home/black/Working/332project/main/scala/Worker/WorkerServer.scala
2022.11.24 16:42:23 WARN  no build target for: /home/black/Working/332project/main/scala/Worker/WorkerServer.scala
2022.11.24 16:43:16 WARN  no build target for: /home/black/Working/332project/main/scala/Master/MasterServer.scala
2022.11.24 16:43:16 WARN  no build target for: /home/black/Working/332project/main/scala/Master/MasterServer.scala
2022.11.24 16:43:25 WARN  no build target for: /home/black/Working/332project/main/scala/Worker/WorkerServer.scala
2022.11.24 16:44:11 WARN  no build target for: /home/black/Working/332project/main/scala/Worker/Main.scala
2022.11.24 16:44:13 WARN  no build target for: /home/black/Working/332project/main/scala/Master/Main.scala
2022.11.24 17:20:14 WARN  no build target for: /home/black/Working/332project/main/scala/Worker/Main.scala
2022.11.24 17:20:15 WARN  no build target for: /home/black/Working/332project/main/scala/Master/Main.scala
2022.11.24 17:20:37 WARN  no build target for: /home/black/Working/332project/main/scala/Worker/WorkerServer.scala
2022.11.24 17:20:49 WARN  no build target for: /home/black/Working/332project/main/scala/Master/MasterServer.scala
2022.11.24 21:32:50 INFO  shutting down Metals
2022.11.24 23:05:24 INFO  tracing is disabled for protocol LSP, to enable tracing of incoming and outgoing JSON messages create an empty file at /home/black/Working/332project/.metals/lsp.trace.json or /home/black/.cache/metals/lsp.trace.json
2022.11.24 23:05:25 INFO  logging to file /home/black/Working/332project/.metals/metals.log
2022.11.24 23:05:25 INFO  Started: Metals version 0.11.9 in workspace '/home/black/Working/332project' for client Visual Studio Code 1.73.1.
2022.11.24 23:05:25 WARN  Can't instantiate JavaInteractiveSemanticdb (version: JdkVersion(8), jdkHome: /usr/lib/jvm/java-8-openjdk-amd64, javac exists: false)
2022.11.24 23:05:26 INFO  time: initialize in 0.92s
2022.11.24 23:05:26 WARN  Build server is not auto-connectable.
2022.11.24 23:05:26 WARN  no build target for: /home/black/Working/332project/main/scala/Master/MasterServer.scala
2022.11.24 23:05:29 INFO  no build target found for /home/black/Working/332project/main/scala/Master/MasterServer.scala. Using presentation compiler with project's scala-library version: 3.2.0
2022.11.24 23:05:31 INFO  time: code lens generation in 3.59s
2022.11.24 23:15:53 INFO  tracing is disabled for protocol LSP, to enable tracing of incoming and outgoing JSON messages create an empty file at /home/black/Working/332project/.metals/lsp.trace.json or /home/black/.cache/metals/lsp.trace.json
2022.11.24 23:15:53 INFO  logging to file /home/black/Working/332project/.metals/metals.log
2022.11.24 23:15:53 INFO  Started: Metals version 0.11.9 in workspace '/home/black/Working/332project' for client Visual Studio Code 1.73.1.
2022.11.24 23:15:53 WARN  Can't instantiate JavaInteractiveSemanticdb (version: JdkVersion(8), jdkHome: /usr/lib/jvm/java-8-openjdk-amd64, javac exists: false)
2022.11.24 23:15:54 INFO  time: initialize in 0.61s
2022.11.24 23:15:54 WARN  Build server is not auto-connectable.
2022.11.24 23:15:54 WARN  no build target for: /home/black/Working/332project/main/scala/Master/MasterServer.scala
2022.11.24 23:15:57 INFO  no build target found for /home/black/Working/332project/main/scala/Master/MasterServer.scala. Using presentation compiler with project's scala-library version: 3.2.0
2022.11.24 23:15:59 INFO  time: code lens generation in 3.63s
2022.11.24 23:18:23 WARN  no build target for: /home/black/Working/332project/main/scala/ServerBase.scala
2022.11.24 23:29:13 WARN  no build target for: /home/black/Working/332project/main/scala/ServerBase.scala
2022.11.24 23:29:14 WARN  no build target for: /home/black/Working/332project/main/scala/ServerBase.scala
2022.11.24 23:30:13 WARN  no build target for: /home/black/Working/332project/main/scala/Master/Main.scala
2022.11.24 23:57:59 INFO  tracing is disabled for protocol LSP, to enable tracing of incoming and outgoing JSON messages create an empty file at /home/black/Working/332project/.metals/lsp.trace.json or /home/black/.cache/metals/lsp.trace.json
2022.11.24 23:58:00 INFO  logging to file /home/black/Working/332project/.metals/metals.log
2022.11.24 23:58:00 INFO  Started: Metals version 0.11.9 in workspace '/home/black/Working/332project' for client Visual Studio Code 1.73.1.
2022.11.24 23:58:00 WARN  Can't instantiate JavaInteractiveSemanticdb (version: JdkVersion(8), jdkHome: /usr/lib/jvm/java-8-openjdk-amd64, javac exists: false)
2022.11.24 23:58:00 INFO  time: initialize in 0.63s
2022.11.24 23:58:01 WARN  Build server is not auto-connectable.
2022.11.24 23:58:01 WARN  no build target for: /home/black/Working/332project/main/scala/Master/Main.scala
2022.11.24 23:58:03 INFO  no build target found for /home/black/Working/332project/main/scala/Master/Main.scala. Using presentation compiler with project's scala-library version: 3.2.0
2022.11.24 23:58:05 INFO  time: code lens generation in 3.15s
2022.11.24 23:58:29 WARN  no build target for: /home/black/Working/332project/main/scala/Master/MasterState.scala
2022.11.24 23:58:40 WARN  no build target for: /home/black/Working/332project/main/scala/Worker/WorkerState.scala
2022.11.24 23:58:42 WARN  no build target for: /home/black/Working/332project/main/scala/Master/Main.scala
2022.11.24 23:58:43 WARN  no build target for: /home/black/Working/332project/main/scala/Master/MasterServer.scala
2022.11.24 23:58:44 WARN  no build target for: /home/black/Working/332project/main/scala/Master/Main.scala
2022.11.25 00:00:59 WARN  no build target for: /home/black/Working/332project/main/scala/Master/Main.scala
2022.11.25 00:02:29 WARN  no build target for: /home/black/Working/332project/main/scala/Master/MasterState.scala
2022.11.25 00:02:33 WARN  no build target for: /home/black/Working/332project/main/scala/ServerBase.scala
2022.11.25 00:02:54 INFO  shutting down Metals
2022.11.25 00:02:54 ERROR Unexpected error initializing serverorg.eclipse.lsp4j.jsonrpc.ResponseErrorException: Request window/showMessageRequest failed with message: Canceled
	at org.eclipse.lsp4j.jsonrpc.RemoteEndpoint.handleResponse(RemoteEndpoint.java:209)
	at org.eclipse.lsp4j.jsonrpc.RemoteEndpoint.consume(RemoteEndpoint.java:193)
	at org.eclipse.lsp4j.jsonrpc.json.StreamMessageProducer.handleMessage(StreamMessageProducer.java:194)
	at org.eclipse.lsp4j.jsonrpc.json.StreamMessageProducer.listen(StreamMessageProducer.java:94)
	at org.eclipse.lsp4j.jsonrpc.json.ConcurrentMessageProcessor.run(ConcurrentMessageProcessor.java:113)
	at java.util.concurrent.Executors$RunnableAdapter.call(Executors.java:511)
	at java.util.concurrent.FutureTask.run(FutureTask.java:266)
	at java.util.concurrent.ThreadPoolExecutor.runWorker(ThreadPoolExecutor.java:1149)
	at java.util.concurrent.ThreadPoolExecutor$Worker.run(ThreadPoolExecutor.java:624)
	at java.lang.Thread.run(Thread.java:750)

2022.11.25 00:03:16 WARN  no build target for: /home/black/Working/332project/main/scala/Master/Main.scala
2022.11.25 00:04:14 WARN  no build target for: /home/black/Working/332project/main/scala/Master/Main.scala
2022.11.25 00:12:01 WARN  no build target for: /home/black/Working/332project/main/scala/Master/Main.scala
2022.11.25 00:23:19 WARN  no build target for: /home/black/Working/332project/main/scala/Master/MasterServer.scala
2022.11.25 00:44:44 WARN  no build target for: /home/black/Working/332project/main/scala/Master/Main.scala
2022.11.25 00:44:48 WARN  no build target for: /home/black/Working/332project/main/scala/Worker/Main.scala
2022.11.25 00:46:21 WARN  no build target for: /home/black/Working/332project/main/scala/Worker/Main.scala
Nov 25, 2022 12:46:59 AM org.eclipse.lsp4j.jsonrpc.RemoteEndpoint handleCancellation
WARNING: Unmatched cancel notification for request id 971
2022.11.25 00:47:13 WARN  no build target for: /home/black/Working/332project/main/scala/Worker/Main.scala
2022.11.25 00:57:09 WARN  no build target for: /home/black/Working/332project/main/scala/Worker/Main.scala
2022.11.25 00:57:54 WARN  no build target for: /home/black/Working/332project/main/scala/Master/Main.scala
2022.11.25 00:57:56 WARN  no build target for: /home/black/Working/332project/main/scala/Worker/WorkerServer.scala
2022.11.25 00:58:01 WARN  no build target for: /home/black/Working/332project/main/scala/Worker/WorkerServer.scala
2022.11.25 01:01:22 WARN  no build target for: /home/black/Working/332project/main/scala/Worker/WorkerState.scala
2022.11.25 01:01:48 WARN  no build target for: /home/black/Working/332project/main/scala/Worker/WorkerClient.scala
2022.11.25 01:01:56 WARN  no build target for: /home/black/Working/332project/main/scala/Worker/WorkerServer.scala
2022.11.25 01:02:48 WARN  no build target for: /home/black/Working/332project/main/scala/Worker/WorkerClient.scala
Nov 25, 2022 1:05:45 AM org.eclipse.lsp4j.jsonrpc.RemoteEndpoint handleCancellation
WARNING: Unmatched cancel notification for request id 1336
2022.11.25 01:07:29 WARN  no build target for: /home/black/Working/332project/main/scala/Worker/WorkerClient.scala
2022.11.25 01:07:31 WARN  no build target for: /home/black/Working/332project/main/scala/Master/MasterServer.scala
2022.11.25 01:10:44 WARN  no build target for: /home/black/Working/332project/main/scala/Worker/WorkerClient.scala
2022.11.25 01:10:53 WARN  no build target for: /home/black/Working/332project/main/scala/Worker/WorkerClient.scala
2022.11.25 01:10:53 WARN  no build target for: /home/black/Working/332project/main/scala/Worker/WorkerClient.scala
Nov 25, 2022 1:12:42 AM org.eclipse.lsp4j.jsonrpc.RemoteEndpoint handleCancellation
WARNING: Unmatched cancel notification for request id 2254
Nov 25, 2022 1:13:29 AM org.eclipse.lsp4j.jsonrpc.RemoteEndpoint handleCancellation
WARNING: Unmatched cancel notification for request id 2388
2022.11.25 01:13:38 WARN  no build target for: /home/black/Working/332project/main/scala/Worker/Main.scala
2022.11.25 01:28:03 WARN  no build target for: /home/black/Working/332project/main/scala/Worker/Main.scala
Nov 25, 2022 1:28:16 AM org.eclipse.lsp4j.jsonrpc.RemoteEndpoint fallbackResponseError
SEVERE: Internal error: org.scalameta.invariants.InvariantFailedException: invariant failed:
when verifying scala.meta.internal.trees.`package`.XtensionTreesType(tpe).isConstructable
found that scala.meta.internal.trees.`package`.XtensionTreesType(tpe).isConstructable is false
where tpe = "141.223.16.227"
java.util.concurrent.CompletionException: org.scalameta.invariants.InvariantFailedException: invariant failed:
when verifying scala.meta.internal.trees.`package`.XtensionTreesType(tpe).isConstructable
found that scala.meta.internal.trees.`package`.XtensionTreesType(tpe).isConstructable is false
where tpe = "141.223.16.227"
	at java.util.concurrent.CompletableFuture.encodeThrowable(CompletableFuture.java:292)
	at java.util.concurrent.CompletableFuture.completeThrowable(CompletableFuture.java:308)
	at java.util.concurrent.CompletableFuture.uniAccept(CompletableFuture.java:661)
	at java.util.concurrent.CompletableFuture$UniAccept.tryFire(CompletableFuture.java:646)
	at java.util.concurrent.CompletableFuture.postComplete(CompletableFuture.java:488)
	at java.util.concurrent.CompletableFuture.completeExceptionally(CompletableFuture.java:1990)
	at scala.meta.internal.metals.CancelTokens$.$anonfun$future$1(CancelTokens.scala:40)
	at scala.meta.internal.metals.CancelTokens$.$anonfun$future$1$adapted(CancelTokens.scala:38)
	at scala.concurrent.impl.Promise$Transformation.run(Promise.scala:484)
	at java.util.concurrent.ThreadPoolExecutor.runWorker(ThreadPoolExecutor.java:1149)
	at java.util.concurrent.ThreadPoolExecutor$Worker.run(ThreadPoolExecutor.java:624)
	at java.lang.Thread.run(Thread.java:750)
Caused by: org.scalameta.invariants.InvariantFailedException: invariant failed:
when verifying scala.meta.internal.trees.`package`.XtensionTreesType(tpe).isConstructable
found that scala.meta.internal.trees.`package`.XtensionTreesType(tpe).isConstructable is false
where tpe = "141.223.16.227"
	at org.scalameta.invariants.InvariantFailedException$.raise(Exceptions.scala:19)
	at scala.meta.Init$.apply(Trees.scala:522)
	at scala.meta.internal.parsers.ScalametaParser.$anonfun$initRest$1(ScalametaParser.scala:3938)
	at scala.meta.internal.parsers.ScalametaParser.atPos(ScalametaParser.scala:316)
	at scala.meta.internal.parsers.ScalametaParser.autoPos(ScalametaParser.scala:357)
	at scala.meta.internal.parsers.ScalametaParser.initRest(ScalametaParser.scala:3914)
	at scala.meta.internal.parsers.ScalametaParser.initInsideTemplate(ScalametaParser.scala:3897)
	at scala.meta.internal.parsers.ScalametaParser.init(ScalametaParser.scala:3995)
	at scala.meta.internal.parsers.ScalametaParser.templateParents(ScalametaParser.scala:4005)
	at scala.meta.internal.parsers.ScalametaParser.$anonfun$template$1(ScalametaParser.scala:4053)
	at scala.meta.internal.parsers.ScalametaParser.atPos(ScalametaParser.scala:316)
	at scala.meta.internal.parsers.ScalametaParser.autoPos(ScalametaParser.scala:357)
	at scala.meta.internal.parsers.ScalametaParser.template(ScalametaParser.scala:4041)
	at scala.meta.internal.parsers.ScalametaParser.$anonfun$simpleExpr0$4(ScalametaParser.scala:2116)
	at scala.meta.internal.parsers.ScalametaParser.atPos(ScalametaParser.scala:316)
	at scala.meta.internal.parsers.ScalametaParser.autoPos(ScalametaParser.scala:357)
	at scala.meta.internal.parsers.ScalametaParser.$anonfun$simpleExpr0$1(ScalametaParser.scala:2114)
	at scala.meta.internal.parsers.ScalametaParser.atPosTry(ScalametaParser.scala:354)
	at scala.meta.internal.parsers.ScalametaParser.autoPosTry(ScalametaParser.scala:364)
	at scala.meta.internal.parsers.ScalametaParser.simpleExpr0(ScalametaParser.scala:2085)
	at scala.meta.internal.parsers.ScalametaParser.simpleExpr(ScalametaParser.scala:2083)
	at scala.meta.internal.parsers.ScalametaParser.prefixExpr(ScalametaParser.scala:2067)
	at scala.meta.internal.parsers.ScalametaParser.postfixExpr(ScalametaParser.scala:2049)
	at scala.meta.internal.parsers.ScalametaParser.$anonfun$expr$2(ScalametaParser.scala:1616)
	at scala.meta.internal.parsers.ScalametaParser.atPos(ScalametaParser.scala:316)
	at scala.meta.internal.parsers.ScalametaParser.autoPos(ScalametaParser.scala:357)
	at scala.meta.internal.parsers.ScalametaParser.expr(ScalametaParser.scala:1505)
	at scala.meta.internal.parsers.ScalametaParser.argumentExpr(ScalametaParser.scala:2331)
	at scala.meta.internal.parsers.ScalametaParser.$anonfun$argumentExprsWithUsing$3(ScalametaParser.scala:2352)
	at scala.meta.internal.parsers.ScalametaParser.iter$1(ScalametaParser.scala:607)
	at scala.meta.internal.parsers.ScalametaParser.$anonfun$tokenSeparated$1(ScalametaParser.scala:613)
	at scala.meta.internal.parsers.ScalametaParser.$anonfun$tokenSeparated$1$adapted(ScalametaParser.scala:600)
	at scala.meta.internal.parsers.ScalametaParser.scala$meta$internal$parsers$ScalametaParser$$listBy(ScalametaParser.scala:531)
	at scala.meta.internal.parsers.ScalametaParser.tokenSeparated(ScalametaParser.scala:600)
	at scala.meta.internal.parsers.ScalametaParser.commaSeparated(ScalametaParser.scala:617)
	at scala.meta.internal.parsers.ScalametaParser.$anonfun$argumentExprsWithUsing$1(ScalametaParser.scala:2352)
	at scala.meta.internal.parsers.ScalametaParser.scala$meta$internal$parsers$ScalametaParser$$inParensOnOpen(ScalametaParser.scala:231)
	at scala.meta.internal.parsers.ScalametaParser.argumentExprsWithUsing(ScalametaParser.scala:2338)
	at scala.meta.internal.parsers.ScalametaParser.simpleExprRest(ScalametaParser.scala:2216)
	at scala.meta.internal.parsers.ScalametaParser.simpleExprRest(ScalametaParser.scala:2179)
	at scala.meta.internal.parsers.ScalametaParser.$anonfun$simpleExpr0$5(ScalametaParser.scala:2132)
	at scala.util.Success.map(Try.scala:262)
	at scala.meta.internal.parsers.ScalametaParser.$anonfun$simpleExpr0$1(ScalametaParser.scala:2132)
	at scala.meta.internal.parsers.ScalametaParser.atPosTry(ScalametaParser.scala:354)
	at scala.meta.internal.parsers.ScalametaParser.autoPosTry(ScalametaParser.scala:364)
	at scala.meta.internal.parsers.ScalametaParser.simpleExpr0(ScalametaParser.scala:2085)
	at scala.meta.internal.parsers.ScalametaParser.simpleExpr(ScalametaParser.scala:2083)
	at scala.meta.internal.parsers.ScalametaParser.prefixExpr(ScalametaParser.scala:2067)
	at scala.meta.internal.parsers.ScalametaParser.postfixExpr(ScalametaParser.scala:2049)
	at scala.meta.internal.parsers.ScalametaParser.$anonfun$expr$2(ScalametaParser.scala:1616)
	at scala.meta.internal.parsers.ScalametaParser.atPos(ScalametaParser.scala:316)
	at scala.meta.internal.parsers.ScalametaParser.autoPos(ScalametaParser.scala:357)
	at scala.meta.internal.parsers.ScalametaParser.expr(ScalametaParser.scala:1505)
	at scala.meta.internal.parsers.ScalametaParser.expr(ScalametaParser.scala:1389)
	at scala.meta.internal.parsers.ScalametaParser.exprMaybeIndented(ScalametaParser.scala:1413)
	at scala.meta.internal.parsers.ScalametaParser.$anonfun$patDefOrDcl$1(ScalametaParser.scala:3386)
	at scala.meta.internal.parsers.ScalametaParser.autoEndPos(ScalametaParser.scala:359)
	at scala.meta.internal.parsers.ScalametaParser.autoEndPos(ScalametaParser.scala:361)
	at scala.meta.internal.parsers.ScalametaParser.patDefOrDcl(ScalametaParser.scala:3372)
	at scala.meta.internal.parsers.ScalametaParser.defOrDclOrSecondaryCtor(ScalametaParser.scala:3331)
	at scala.meta.internal.parsers.ScalametaParser.nonLocalDefOrDcl(ScalametaParser.scala:3316)
	at scala.meta.internal.parsers.ScalametaParser$$anonfun$templateStat$1.applyOrElse(ScalametaParser.scala:4276)
	at scala.meta.internal.parsers.ScalametaParser$$anonfun$templateStat$1.applyOrElse(ScalametaParser.scala:4270)
	at scala.PartialFunction.$anonfun$runWith$1(PartialFunction.scala:231)
	at scala.PartialFunction.$anonfun$runWith$1$adapted(PartialFunction.scala:230)
	at scala.meta.internal.parsers.ScalametaParser.statSeqBuf(ScalametaParser.scala:4222)
	at scala.meta.internal.parsers.ScalametaParser.$anonfun$templateStatSeq$1(ScalametaParser.scala:4262)
	at scala.meta.internal.parsers.ScalametaParser.$anonfun$templateStatSeq$1$adapted(ScalametaParser.scala:4261)
	at scala.meta.internal.parsers.ScalametaParser.scala$meta$internal$parsers$ScalametaParser$$listBy(ScalametaParser.scala:531)
	at scala.meta.internal.parsers.ScalametaParser.templateStatSeq(ScalametaParser.scala:4261)
	at scala.meta.internal.parsers.ScalametaParser.$anonfun$templateBody$1(ScalametaParser.scala:4110)
	at scala.meta.internal.parsers.ScalametaParser.inBracesOr(ScalametaParser.scala:251)
	at scala.meta.internal.parsers.ScalametaParser.inBraces(ScalametaParser.scala:247)
	at scala.meta.internal.parsers.ScalametaParser.templateBody(ScalametaParser.scala:4110)
	at scala.meta.internal.parsers.ScalametaParser.templateBodyOpt(ScalametaParser.scala:4118)
	at scala.meta.internal.parsers.ScalametaParser.$anonfun$templateOpt$1(ScalametaParser.scala:4099)
	at scala.meta.internal.parsers.ScalametaParser.atPos(ScalametaParser.scala:316)
	at scala.meta.internal.parsers.ScalametaParser.autoPos(ScalametaParser.scala:357)
	at scala.meta.internal.parsers.ScalametaParser.templateOpt(ScalametaParser.scala:4073)
	at scala.meta.internal.parsers.ScalametaParser.$anonfun$objectDef$1(ScalametaParser.scala:3807)
	at scala.meta.internal.parsers.ScalametaParser.autoEndPos(ScalametaParser.scala:359)
	at scala.meta.internal.parsers.ScalametaParser.autoEndPos(ScalametaParser.scala:361)
	at scala.meta.internal.parsers.ScalametaParser.objectDef(ScalametaParser.scala:3799)
	at scala.meta.internal.parsers.ScalametaParser.tmplDef(ScalametaParser.scala:3676)
	at scala.meta.internal.parsers.ScalametaParser.topLevelTmplDef(ScalametaParser.scala:3657)
	at scala.meta.internal.parsers.ScalametaParser$$anonfun$4.applyOrElse(ScalametaParser.scala:4241)
	at scala.meta.internal.parsers.ScalametaParser$$anonfun$4.applyOrElse(ScalametaParser.scala:4229)
	at scala.PartialFunction.$anonfun$runWith$1(PartialFunction.scala:231)
	at scala.PartialFunction.$anonfun$runWith$1$adapted(PartialFunction.scala:230)
	at scala.meta.internal.parsers.ScalametaParser.statSeqBuf(ScalametaParser.scala:4222)
	at scala.meta.internal.parsers.ScalametaParser.$anonfun$batchSource$14(ScalametaParser.scala:4437)
	at scala.Option.getOrElse(Option.scala:201)
	at scala.meta.internal.parsers.ScalametaParser.$anonfun$batchSource$1(ScalametaParser.scala:4437)
	at scala.meta.internal.parsers.ScalametaParser.atPos(ScalametaParser.scala:316)
	at scala.meta.internal.parsers.ScalametaParser.autoPos(ScalametaParser.scala:357)
	at scala.meta.internal.parsers.ScalametaParser.batchSource(ScalametaParser.scala:4392)
	at scala.meta.internal.parsers.ScalametaParser.$anonfun$source$1(ScalametaParser.scala:4385)
	at scala.meta.internal.parsers.ScalametaParser.atPos(ScalametaParser.scala:316)
	at scala.meta.internal.parsers.ScalametaParser.autoPos(ScalametaParser.scala:357)
	at scala.meta.internal.parsers.ScalametaParser.source(ScalametaParser.scala:4385)
	at scala.meta.internal.parsers.ScalametaParser.entrypointSource(ScalametaParser.scala:4390)
	at scala.meta.internal.parsers.ScalametaParser.parseSourceImpl(ScalametaParser.scala:132)
	at scala.meta.internal.parsers.ScalametaParser.$anonfun$parseSource$1(ScalametaParser.scala:129)
	at scala.meta.internal.parsers.ScalametaParser.parseRuleAfterBOF(ScalametaParser.scala:56)
	at scala.meta.internal.parsers.ScalametaParser.parseRule(ScalametaParser.scala:51)
	at scala.meta.internal.parsers.ScalametaParser.parseSource(ScalametaParser.scala:129)
	at scala.meta.parsers.Parse$.$anonfun$parseSource$1(Parse.scala:29)
	at scala.meta.parsers.Parse$$anon$1.apply(Parse.scala:36)
	at scala.meta.parsers.Api$XtensionParseDialectInput.parse(Api.scala:25)
	at scala.meta.internal.parsing.Trees.$anonfun$parse$2(Trees.scala:129)
	at scala.Option.map(Option.scala:242)
	at scala.meta.internal.parsing.Trees.parse(Trees.scala:122)
	at scala.meta.internal.parsing.Trees.didChange(Trees.scala:92)
	at scala.meta.internal.metals.MetalsLanguageServer.$anonfun$parseTreesAndPublishDiags$2(MetalsLanguageServer.scala:319)
	at scala.runtime.java8.JFunction0$mcV$sp.apply(JFunction0$mcV$sp.scala:18)
	at scala.concurrent.Future$.$anonfun$apply$1(Future.scala:678)
	at scala.concurrent.impl.Promise$Transformation.run(Promise.scala:467)
	... 3 more

2022.11.25 01:29:51 WARN  no build target for: /home/black/Working/332project/main/scala/Worker/Main.scala
2022.11.25 01:30:00 WARN  no build target for: /home/black/Working/332project/main/scala/Worker/Main.scala
2022.11.25 01:32:20 WARN  no build target for: /home/black/Working/332project/main/scala/Master/MasterServer.scala
2022.11.25 01:32:23 WARN  no build target for: /home/black/Working/332project/main/scala/Master/Main.scala
2022.11.25 01:32:37 WARN  no build target for: /home/black/Working/332project/main/scala/Worker/Main.scala
2022.11.25 01:34:15 WARN  no build target for: /home/black/Working/332project/main/scala/Master/Main.scala
2022.11.25 01:37:50 WARN  no build target for: /home/black/Working/332project/main/scala/Master/Main.scala
2022.11.25 01:37:53 WARN  no build target for: /home/black/Working/332project/main/scala/Master/MasterServer.scala
2022.11.25 01:37:53 WARN  no build target for: /home/black/Working/332project/main/scala/Master/MasterState.scala
2022.11.25 01:37:54 WARN  no build target for: /home/black/Working/332project/main/scala/Master/MasterServer.scala
2022.11.25 01:38:35 WARN  no build target for: /home/black/Working/332project/main/scala/Master/MasterServer.scala
2022.11.25 01:38:35 WARN  no build target for: /home/black/Working/332project/main/scala/Master/MasterServer.scala
2022.11.25 01:38:35 WARN  no build target for: /home/black/Working/332project/main/scala/Master/MasterServer.scala
2022.11.25 01:39:16 WARN  no build target for: /home/black/Working/332project/main/scala/Master/MasterServer.scala
2022.11.25 01:39:31 WARN  no build target for: /home/black/Working/332project/main/scala/Master/MasterServer.scala
2022.11.25 01:39:40 WARN  no build target for: /home/black/Working/332project/main/scala/Worker/WorkerClient.scala
2022.11.25 01:39:42 WARN  no build target for: /home/black/Working/332project/main/scala/Worker/Main.scala
2022.11.25 01:40:08 WARN  no build target for: /home/black/Working/332project/main/scala/Worker/Main.scala
Nov 25, 2022 1:40:16 AM org.eclipse.lsp4j.jsonrpc.RemoteEndpoint fallbackResponseError
SEVERE: Internal error: org.scalameta.invariants.InvariantFailedException: invariant failed:
when verifying scala.meta.internal.trees.`package`.XtensionTreesType(tpe).isConstructable
found that scala.meta.internal.trees.`package`.XtensionTreesType(tpe).isConstructable is false
where tpe = ("141.223.16.227",2201)
java.util.concurrent.CompletionException: org.scalameta.invariants.InvariantFailedException: invariant failed:
when verifying scala.meta.internal.trees.`package`.XtensionTreesType(tpe).isConstructable
found that scala.meta.internal.trees.`package`.XtensionTreesType(tpe).isConstructable is false
where tpe = ("141.223.16.227",2201)
	at java.util.concurrent.CompletableFuture.encodeThrowable(CompletableFuture.java:292)
	at java.util.concurrent.CompletableFuture.completeThrowable(CompletableFuture.java:308)
	at java.util.concurrent.CompletableFuture.uniAccept(CompletableFuture.java:661)
	at java.util.concurrent.CompletableFuture$UniAccept.tryFire(CompletableFuture.java:646)
	at java.util.concurrent.CompletableFuture.postComplete(CompletableFuture.java:488)
	at java.util.concurrent.CompletableFuture.completeExceptionally(CompletableFuture.java:1990)
	at scala.meta.internal.metals.CancelTokens$.$anonfun$future$1(CancelTokens.scala:40)
	at scala.meta.internal.metals.CancelTokens$.$anonfun$future$1$adapted(CancelTokens.scala:38)
	at scala.concurrent.impl.Promise$Transformation.run(Promise.scala:484)
	at java.util.concurrent.ThreadPoolExecutor.runWorker(ThreadPoolExecutor.java:1149)
	at java.util.concurrent.ThreadPoolExecutor$Worker.run(ThreadPoolExecutor.java:624)
	at java.lang.Thread.run(Thread.java:750)
Caused by: org.scalameta.invariants.InvariantFailedException: invariant failed:
when verifying scala.meta.internal.trees.`package`.XtensionTreesType(tpe).isConstructable
found that scala.meta.internal.trees.`package`.XtensionTreesType(tpe).isConstructable is false
where tpe = ("141.223.16.227",2201)
	at org.scalameta.invariants.InvariantFailedException$.raise(Exceptions.scala:19)
	at scala.meta.Init$.apply(Trees.scala:522)
	at scala.meta.internal.parsers.ScalametaParser.$anonfun$initRest$1(ScalametaParser.scala:3938)
	at scala.meta.internal.parsers.ScalametaParser.atPos(ScalametaParser.scala:316)
	at scala.meta.internal.parsers.ScalametaParser.autoPos(ScalametaParser.scala:357)
	at scala.meta.internal.parsers.ScalametaParser.initRest(ScalametaParser.scala:3914)
	at scala.meta.internal.parsers.ScalametaParser.initInsideTemplate(ScalametaParser.scala:3897)
	at scala.meta.internal.parsers.ScalametaParser.init(ScalametaParser.scala:3995)
	at scala.meta.internal.parsers.ScalametaParser.templateParents(ScalametaParser.scala:4005)
	at scala.meta.internal.parsers.ScalametaParser.$anonfun$template$1(ScalametaParser.scala:4053)
	at scala.meta.internal.parsers.ScalametaParser.atPos(ScalametaParser.scala:316)
	at scala.meta.internal.parsers.ScalametaParser.autoPos(ScalametaParser.scala:357)
	at scala.meta.internal.parsers.ScalametaParser.template(ScalametaParser.scala:4041)
	at scala.meta.internal.parsers.ScalametaParser.$anonfun$simpleExpr0$4(ScalametaParser.scala:2116)
	at scala.meta.internal.parsers.ScalametaParser.atPos(ScalametaParser.scala:316)
	at scala.meta.internal.parsers.ScalametaParser.autoPos(ScalametaParser.scala:357)
	at scala.meta.internal.parsers.ScalametaParser.$anonfun$simpleExpr0$1(ScalametaParser.scala:2114)
	at scala.meta.internal.parsers.ScalametaParser.atPosTry(ScalametaParser.scala:354)
	at scala.meta.internal.parsers.ScalametaParser.autoPosTry(ScalametaParser.scala:364)
	at scala.meta.internal.parsers.ScalametaParser.simpleExpr0(ScalametaParser.scala:2085)
	at scala.meta.internal.parsers.ScalametaParser.simpleExpr(ScalametaParser.scala:2083)
	at scala.meta.internal.parsers.ScalametaParser.prefixExpr(ScalametaParser.scala:2067)
	at scala.meta.internal.parsers.ScalametaParser.postfixExpr(ScalametaParser.scala:2049)
	at scala.meta.internal.parsers.ScalametaParser.$anonfun$expr$2(ScalametaParser.scala:1616)
	at scala.meta.internal.parsers.ScalametaParser.atPos(ScalametaParser.scala:316)
	at scala.meta.internal.parsers.ScalametaParser.autoPos(ScalametaParser.scala:357)
	at scala.meta.internal.parsers.ScalametaParser.expr(ScalametaParser.scala:1505)
	at scala.meta.internal.parsers.ScalametaParser.expr(ScalametaParser.scala:1389)
	at scala.meta.internal.parsers.ScalametaParser.exprMaybeIndented(ScalametaParser.scala:1413)
	at scala.meta.internal.parsers.ScalametaParser.$anonfun$patDefOrDcl$1(ScalametaParser.scala:3386)
	at scala.meta.internal.parsers.ScalametaParser.autoEndPos(ScalametaParser.scala:359)
	at scala.meta.internal.parsers.ScalametaParser.autoEndPos(ScalametaParser.scala:361)
	at scala.meta.internal.parsers.ScalametaParser.patDefOrDcl(ScalametaParser.scala:3372)
	at scala.meta.internal.parsers.ScalametaParser.defOrDclOrSecondaryCtor(ScalametaParser.scala:3331)
	at scala.meta.internal.parsers.ScalametaParser.nonLocalDefOrDcl(ScalametaParser.scala:3316)
	at scala.meta.internal.parsers.ScalametaParser$$anonfun$templateStat$1.applyOrElse(ScalametaParser.scala:4276)
	at scala.meta.internal.parsers.ScalametaParser$$anonfun$templateStat$1.applyOrElse(ScalametaParser.scala:4270)
	at scala.PartialFunction.$anonfun$runWith$1(PartialFunction.scala:231)
	at scala.PartialFunction.$anonfun$runWith$1$adapted(PartialFunction.scala:230)
	at scala.meta.internal.parsers.ScalametaParser.statSeqBuf(ScalametaParser.scala:4222)
	at scala.meta.internal.parsers.ScalametaParser.$anonfun$templateStatSeq$1(ScalametaParser.scala:4262)
	at scala.meta.internal.parsers.ScalametaParser.$anonfun$templateStatSeq$1$adapted(ScalametaParser.scala:4261)
	at scala.meta.internal.parsers.ScalametaParser.scala$meta$internal$parsers$ScalametaParser$$listBy(ScalametaParser.scala:531)
	at scala.meta.internal.parsers.ScalametaParser.templateStatSeq(ScalametaParser.scala:4261)
	at scala.meta.internal.parsers.ScalametaParser.$anonfun$templateBody$1(ScalametaParser.scala:4110)
	at scala.meta.internal.parsers.ScalametaParser.inBracesOr(ScalametaParser.scala:251)
	at scala.meta.internal.parsers.ScalametaParser.inBraces(ScalametaParser.scala:247)
	at scala.meta.internal.parsers.ScalametaParser.templateBody(ScalametaParser.scala:4110)
	at scala.meta.internal.parsers.ScalametaParser.templateBodyOpt(ScalametaParser.scala:4118)
	at scala.meta.internal.parsers.ScalametaParser.$anonfun$templateOpt$1(ScalametaParser.scala:4099)
	at scala.meta.internal.parsers.ScalametaParser.atPos(ScalametaParser.scala:316)
	at scala.meta.internal.parsers.ScalametaParser.autoPos(ScalametaParser.scala:357)
	at scala.meta.internal.parsers.ScalametaParser.templateOpt(ScalametaParser.scala:4073)
	at scala.meta.internal.parsers.ScalametaParser.$anonfun$objectDef$1(ScalametaParser.scala:3807)
	at scala.meta.internal.parsers.ScalametaParser.autoEndPos(ScalametaParser.scala:359)
	at scala.meta.internal.parsers.ScalametaParser.autoEndPos(ScalametaParser.scala:361)
	at scala.meta.internal.parsers.ScalametaParser.objectDef(ScalametaParser.scala:3799)
	at scala.meta.internal.parsers.ScalametaParser.tmplDef(ScalametaParser.scala:3676)
	at scala.meta.internal.parsers.ScalametaParser.topLevelTmplDef(ScalametaParser.scala:3657)
	at scala.meta.internal.parsers.ScalametaParser$$anonfun$4.applyOrElse(ScalametaParser.scala:4241)
	at scala.meta.internal.parsers.ScalametaParser$$anonfun$4.applyOrElse(ScalametaParser.scala:4229)
	at scala.PartialFunction.$anonfun$runWith$1(PartialFunction.scala:231)
	at scala.PartialFunction.$anonfun$runWith$1$adapted(PartialFunction.scala:230)
	at scala.meta.internal.parsers.ScalametaParser.statSeqBuf(ScalametaParser.scala:4222)
	at scala.meta.internal.parsers.ScalametaParser.$anonfun$batchSource$14(ScalametaParser.scala:4437)
	at scala.Option.getOrElse(Option.scala:201)
	at scala.meta.internal.parsers.ScalametaParser.$anonfun$batchSource$1(ScalametaParser.scala:4437)
	at scala.meta.internal.parsers.ScalametaParser.atPos(ScalametaParser.scala:316)
	at scala.meta.internal.parsers.ScalametaParser.autoPos(ScalametaParser.scala:357)
	at scala.meta.internal.parsers.ScalametaParser.batchSource(ScalametaParser.scala:4392)
	at scala.meta.internal.parsers.ScalametaParser.$anonfun$source$1(ScalametaParser.scala:4385)
	at scala.meta.internal.parsers.ScalametaParser.atPos(ScalametaParser.scala:316)
	at scala.meta.internal.parsers.ScalametaParser.autoPos(ScalametaParser.scala:357)
	at scala.meta.internal.parsers.ScalametaParser.source(ScalametaParser.scala:4385)
	at scala.meta.internal.parsers.ScalametaParser.entrypointSource(ScalametaParser.scala:4390)
	at scala.meta.internal.parsers.ScalametaParser.parseSourceImpl(ScalametaParser.scala:132)
	at scala.meta.internal.parsers.ScalametaParser.$anonfun$parseSource$1(ScalametaParser.scala:129)
	at scala.meta.internal.parsers.ScalametaParser.parseRuleAfterBOF(ScalametaParser.scala:56)
	at scala.meta.internal.parsers.ScalametaParser.parseRule(ScalametaParser.scala:51)
	at scala.meta.internal.parsers.ScalametaParser.parseSource(ScalametaParser.scala:129)
	at scala.meta.parsers.Parse$.$anonfun$parseSource$1(Parse.scala:29)
	at scala.meta.parsers.Parse$$anon$1.apply(Parse.scala:36)
	at scala.meta.parsers.Api$XtensionParseDialectInput.parse(Api.scala:25)
	at scala.meta.internal.parsing.Trees.$anonfun$parse$2(Trees.scala:129)
	at scala.Option.map(Option.scala:242)
	at scala.meta.internal.parsing.Trees.parse(Trees.scala:122)
	at scala.meta.internal.parsing.Trees.didChange(Trees.scala:92)
	at scala.meta.internal.metals.MetalsLanguageServer.$anonfun$parseTreesAndPublishDiags$2(MetalsLanguageServer.scala:319)
	at scala.runtime.java8.JFunction0$mcV$sp.apply(JFunction0$mcV$sp.scala:18)
	at scala.concurrent.Future$.$anonfun$apply$1(Future.scala:678)
	at scala.concurrent.impl.Promise$Transformation.run(Promise.scala:467)
	... 3 more

2022.11.25 01:40:23 WARN  no build target for: /home/black/Working/332project/main/scala/Worker/Main.scala
2022.11.25 01:40:26 WARN  no build target for: /home/black/Working/332project/main/scala/Worker/WorkerClient.scala
2022.11.25 01:43:50 WARN  no build target for: /home/black/Working/332project/main/scala/ServerBase.scala
2022.11.25 01:44:01 WARN  no build target for: /home/black/Working/332project/main/scala/Worker/WorkerState.scala
2022.11.25 01:44:02 WARN  no build target for: /home/black/Working/332project/main/scala/Worker/WorkerClient.scala
2022.11.25 01:44:08 WARN  no build target for: /home/black/Working/332project/main/scala/Worker/WorkerState.scala
2022.11.25 01:44:10 WARN  no build target for: /home/black/Working/332project/main/scala/Master/MasterState.scala
2022.11.25 01:48:40 WARN  no build target for: /home/black/Working/332project/main/scala/Worker/WorkerClient.scala
2022.11.25 01:49:03 WARN  no build target for: /home/black/Working/332project/main/scala/Worker/WorkerServer.scala
2022.11.25 01:49:05 WARN  no build target for: /home/black/Working/332project/main/scala/Worker/WorkerState.scala
2022.11.25 01:49:10 WARN  no build target for: /home/black/Working/332project/main/scala/Worker/WorkerClient.scala
2022.11.25 01:49:24 WARN  no build target for: /home/black/Working/332project/main/scala/Worker/WorkerServer.scala
2022.11.25 01:50:04 WARN  no build target for: /home/black/Working/332project/main/scala/Master/MasterServer.scala
2022.11.25 01:50:10 WARN  no build target for: /home/black/Working/332project/main/scala/Worker/WorkerServer.scala
2022.11.25 01:50:57 WARN  no build target for: /home/black/Working/332project/main/scala/Master/MasterServer.scala
2022.11.25 01:52:01 WARN  no build target for: /home/black/Working/332project/main/scala/Worker/WorkerServer.scala
2022.11.25 01:52:01 WARN  no build target for: /home/black/Working/332project/main/scala/Worker/WorkerServer.scala
2022.11.25 01:52:01 WARN  no build target for: /home/black/Working/332project/main/scala/Worker/WorkerServer.scala
2022.11.25 01:52:32 WARN  no build target for: /home/black/Working/332project/main/scala/Worker/WorkerState.scala
2022.11.25 01:52:33 WARN  no build target for: /home/black/Working/332project/main/scala/ServerBase.scala
2022.11.25 01:52:38 WARN  no build target for: /home/black/Working/332project/main/scala/Master/MasterState.scala
2022.11.25 01:52:39 WARN  no build target for: /home/black/Working/332project/main/scala/Master/Main.scala
2022.11.25 01:54:03 WARN  no build target for: /home/black/Working/332project/main/scala/ServerBase.scala
2022.11.25 01:54:22 WARN  no build target for: /home/black/Working/332project/main/scala/Network/ServerBase.scala
2022.11.25 01:54:26 WARN  no build target for: /home/black/Working/332project/main/scala/Master/Main.scala
2022.11.25 01:54:42 WARN  no build target for: /home/black/Working/332project/main/scala/Master/MasterServer.scala
2022.11.25 01:55:31 WARN  no build target for: /home/black/Working/332project/main/scala/Master/MasterServer.scala
Nov 25, 2022 1:55:41 AM org.eclipse.lsp4j.jsonrpc.RemoteEndpoint handleCancellation
WARNING: Unmatched cancel notification for request id 3796
2022.11.25 01:55:44 WARN  no build target for: /home/black/Working/332project/main/scala/Master/MasterServer.scala
2022.11.25 01:56:06 WARN  no build target for: /home/black/Working/332project/main/scala/Master/MasterServer.scala
2022.11.25 01:56:06 WARN  no build target for: /home/black/Working/332project/main/scala/Master/MasterServer.scala
2022.11.25 01:56:06 WARN  no build target for: /home/black/Working/332project/main/scala/Master/MasterServer.scala
2022.11.25 01:56:09 WARN  no build target for: /home/black/Working/332project/main/scala/Master/MasterState.scala
2022.11.25 01:56:11 WARN  no build target for: /home/black/Working/332project/main/scala/Network/ServerBase.scala
2022.11.25 01:56:25 WARN  no build target for: /home/black/Working/332project/main/scala/Master/Main.scala
Nov 25, 2022 1:56:28 AM org.eclipse.lsp4j.jsonrpc.RemoteEndpoint handleCancellation
WARNING: Unmatched cancel notification for request id 3870
2022.11.25 01:56:32 WARN  no build target for: /home/black/Working/332project/main/scala/Worker/Main.scala
Nov 25, 2022 1:57:39 AM org.eclipse.lsp4j.jsonrpc.RemoteEndpoint handleCancellation
WARNING: Unmatched cancel notification for request id 3940
2022.11.25 01:57:52 WARN  no build target for: /home/black/Working/332project/main/scala/Worker/Main.scala
2022.11.25 01:58:17 WARN  no build target for: /home/black/Working/332project/main/scala/Worker/WorkerServer.scala
2022.11.25 01:58:34 WARN  no build target for: /home/black/Working/332project/main/scala/Worker/WorkerServer.scala
2022.11.25 01:58:47 WARN  no build target for: /home/black/Working/332project/main/scala/Worker/WorkerServer.scala
2022.11.25 01:59:13 WARN  no build target for: /home/black/Working/332project/main/scala/Worker/WorkerServer.scala
2022.11.25 01:59:24 WARN  no build target for: /home/black/Working/332project/main/scala/Worker/Main.scala
2022.11.25 01:59:30 WARN  no build target for: /home/black/Working/332project/main/scala/Worker/Main.scala
Nov 25, 2022 2:00:08 AM org.eclipse.lsp4j.jsonrpc.RemoteEndpoint handleCancellation
WARNING: Unmatched cancel notification for request id 4286
2022.11.25 02:00:16 WARN  no build target for: /home/black/Working/332project/main/scala/Worker/WorkerServer.scala
2022.11.25 02:00:16 WARN  no build target for: /home/black/Working/332project/main/scala/Worker/WorkerServer.scala
2022.11.25 02:00:16 WARN  no build target for: /home/black/Working/332project/main/scala/Worker/WorkerServer.scala
2022.11.25 02:00:21 WARN  no build target for: /home/black/Working/332project/main/scala/Worker/WorkerState.scala
2022.11.25 02:00:23 WARN  no build target for: /home/black/Working/332project/main/scala/Network/ServerBase.scala
2022.11.25 02:00:23 WARN  no build target for: /home/black/Working/332project/main/scala/Master/MasterState.scala
2022.11.25 02:00:24 WARN  no build target for: /home/black/Working/332project/main/scala/Master/Main.scala
2022.11.25 02:00:36 WARN  no build target for: /home/black/Working/332project/main/scala/Master/MasterState.scala
2022.11.25 02:00:38 WARN  no build target for: /home/black/Working/332project/main/scala/Master/Main.scala
2022.11.25 02:00:41 WARN  no build target for: /home/black/Working/332project/main/scala/Worker/WorkerState.scala
2022.11.25 02:01:05 WARN  no build target for: /home/black/Working/332project/main/scala/Worker/Main.scala
2022.11.25 02:01:20 WARN  no build target for: /home/black/Working/332project/main/scala/Worker/Main.scala
2022.11.25 02:01:28 WARN  no build target for: /home/black/Working/332project/main/scala/Master/MasterServer.scala
2022.11.25 02:01:32 WARN  no build target for: /home/black/Working/332project/main/scala/Master/Main.scala
2022.11.25 02:01:33 WARN  no build target for: /home/black/Working/332project/main/scala/Master/Main.scala
Nov 25, 2022 2:01:37 AM org.eclipse.lsp4j.jsonrpc.services.GenericEndpoint notify
INFO: Unsupported notification method: $/setTrace
Nov 25, 2022 2:02:31 AM org.eclipse.lsp4j.jsonrpc.RemoteEndpoint handleCancellation
WARNING: Unmatched cancel notification for request id 4550
2022.11.25 02:03:01 WARN  no build target for: /home/black/Working/332project/main/scala/Worker/Main.scala
2022.11.25 02:03:06 WARN  no build target for: /home/black/Working/332project/main/scala/Worker/Main.scala
2022.11.25 02:03:07 INFO  shutting down Metals
2022.11.25 02:03:07 ERROR Unexpected error initializing serverorg.eclipse.lsp4j.jsonrpc.ResponseErrorException: Request window/showMessageRequest failed with message: Canceled
	at org.eclipse.lsp4j.jsonrpc.RemoteEndpoint.handleResponse(RemoteEndpoint.java:209)
	at org.eclipse.lsp4j.jsonrpc.RemoteEndpoint.consume(RemoteEndpoint.java:193)
	at org.eclipse.lsp4j.jsonrpc.json.StreamMessageProducer.handleMessage(StreamMessageProducer.java:194)
	at org.eclipse.lsp4j.jsonrpc.json.StreamMessageProducer.listen(StreamMessageProducer.java:94)
	at org.eclipse.lsp4j.jsonrpc.json.ConcurrentMessageProcessor.run(ConcurrentMessageProcessor.java:113)
	at java.util.concurrent.Executors$RunnableAdapter.call(Executors.java:511)
	at java.util.concurrent.FutureTask.run(FutureTask.java:266)
	at java.util.concurrent.ThreadPoolExecutor.runWorker(ThreadPoolExecutor.java:1149)
	at java.util.concurrent.ThreadPoolExecutor$Worker.run(ThreadPoolExecutor.java:624)
	at java.lang.Thread.run(Thread.java:750)

2022.11.25 03:09:48 INFO  shutting down Metals
2022.11.25 13:33:27 INFO  tracing is disabled for protocol LSP, to enable tracing of incoming and outgoing JSON messages create an empty file at /home/black/Working/332project/.metals/lsp.trace.json or /home/black/.cache/metals/lsp.trace.json
2022.11.25 13:33:27 INFO  logging to file /home/black/Working/332project/.metals/metals.log
2022.11.25 13:33:27 INFO  Started: Metals version 0.11.9 in workspace '/home/black/Working/332project' for client Visual Studio Code 1.73.1.
2022.11.25 13:33:27 WARN  Can't instantiate JavaInteractiveSemanticdb (version: JdkVersion(8), jdkHome: /usr/lib/jvm/java-8-openjdk-amd64, javac exists: false)
2022.11.25 13:33:28 INFO  time: initialize in 0.89s
2022.11.25 13:33:29 WARN  Build server is not auto-connectable.
2022.11.25 13:33:29 WARN  no build target for: /home/black/Working/332project/main/scala/Worker/Main.scala
2022.11.25 13:33:31 INFO  no build target found for /home/black/Working/332project/main/scala/Worker/Main.scala. Using presentation compiler with project's scala-library version: 3.2.0
2022.11.25 13:33:33 INFO  time: code lens generation in 3.6s
2022.11.25 13:49:46 WARN  no build target for: /home/black/Working/332project/main/scala/Master/Main.scala
2022.11.25 13:50:39 WARN  no build target for: /home/black/Working/332project/main/scala/Master/Main.scala
2022.11.25 13:57:23 WARN  no build target for: /home/black/Working/332project/main/scala/Master/Main.scala
2022.11.25 14:13:46 WARN  no build target for: /home/black/Working/332project/main/scala/Master/Main.scala
2022.11.25 14:23:51 WARN  no build target for: /home/black/Working/332project/main/scala/Master/MasterServer.scala
2022.11.25 14:23:55 WARN  no build target for: /home/black/Working/332project/main/scala/Master/MasterState.scala
2022.11.25 14:23:59 WARN  no build target for: /home/black/Working/332project/main/scala/Worker/WorkerServer.scala
2022.11.25 14:24:00 WARN  no build target for: /home/black/Working/332project/main/scala/Worker/WorkerState.scala
2022.11.25 14:24:22 WARN  no build target for: /home/black/Working/332project/main/scala/Network/ServerBase.scala
2022.11.25 14:24:28 WARN  no build target for: /home/black/Working/332project/main/scala/Master/MasterState.scala
2022.11.25 14:24:40 WARN  no build target for: /home/black/Working/332project/main/scala/Network/ServerBase.scala
2022.11.25 14:24:41 WARN  no build target for: /home/black/Working/332project/main/scala/Master/MasterState.scala
2022.11.25 14:33:59 WARN  no build target for: /home/black/Working/332project/main/scala/Network/ServerBase.scala
2022.11.25 14:34:18 WARN  no build target for: /home/black/Working/332project/main/scala/Master/MasterServer.scala
2022.11.25 14:34:20 WARN  no build target for: /home/black/Working/332project/main/scala/Master/MasterState.scala
2022.11.25 14:35:00 WARN  no build target for: /home/black/Working/332project/main/scala/Master/Main.scala
2022.11.25 14:35:02 WARN  no build target for: /home/black/Working/332project/main/scala/Network/ServerBase.scala
2022.11.25 14:36:10 WARN  no build target for: /home/black/Working/332project/main/scala/Worker/WorkerServer.scala
2022.11.25 14:36:13 WARN  no build target for: /home/black/Working/332project/main/scala/Worker/WorkerState.scala
2022.11.25 14:36:19 WARN  no build target for: /home/black/Working/332project/main/scala/Network/ServerBase.scala
2022.11.25 14:36:56 WARN  no build target for: /home/black/Working/332project/main/scala/Network/ServerBase.scala
2022.11.25 14:37:08 WARN  no build target for: /home/black/Working/332project/main/scala/Worker/Main.scala
2022.11.25 14:37:21 WARN  no build target for: /home/black/Working/332project/main/scala/Master/MasterState.scala
2022.11.25 14:37:27 WARN  no build target for: /home/black/Working/332project/main/scala/Worker/WorkerState.scala
2022.11.25 14:42:56 WARN  no build target for: /home/black/Working/332project/main/scala/Network/ServerBase.scala
2022.11.25 14:43:26 WARN  no build target for: /home/black/Working/332project/main/scala/Network/ServerBase.scala
2022.11.25 15:04:04 WARN  no build target for: /home/black/Working/332project/main/scala/Master/Main.scala
2022.11.25 15:04:27 WARN  no build target for: /home/black/Working/332project/main/scala/Master/MasterServer.scala
Nov 25, 2022 3:04:46 PM org.eclipse.lsp4j.jsonrpc.RemoteEndpoint handleCancellation
WARNING: Unmatched cancel notification for request id 452
2022.11.25 15:04:46 WARN  no build target for: /home/black/Working/332project/main/scala/Network/ServerBase.scala
2022.11.25 15:05:42 WARN  no build target for: /home/black/Working/332project/main/scala/Worker/Main.scala
2022.11.25 15:06:10 WARN  no build target for: /home/black/Working/332project/main/scala/Worker/WorkerServer.scala
2022.11.25 15:06:11 WARN  no build target for: /home/black/Working/332project/main/scala/Worker/WorkerServer.scala
2022.11.25 15:15:27 WARN  no build target for: /home/black/Working/332project/main/scala/Master/Main.scala
2022.11.25 15:15:28 WARN  no build target for: /home/black/Working/332project/main/scala/Master/MasterServer.scala
2022.11.25 15:16:47 WARN  no build target for: /home/black/Working/332project/main/scala/Worker/WorkerServer.scala
2022.11.25 15:17:16 WARN  no build target for: /home/black/Working/332project/main/scala/Worker/WorkerServer.scala
2022.11.25 15:17:56 WARN  no build target for: /home/black/Working/332project/main/scala/Worker/WorkerServer.scala
2022.11.25 15:18:36 WARN  no build target for: /home/black/Working/332project/main/scala/Master/MasterServer.scala
2022.11.25 15:18:40 WARN  no build target for: /home/black/Working/332project/main/scala/Worker/Main.scala
2022.11.25 15:18:48 WARN  no build target for: /home/black/Working/332project/main/scala/Worker/WorkerServer.scala
Nov 25, 2022 3:19:34 PM org.eclipse.lsp4j.jsonrpc.RemoteEndpoint handleCancellation
WARNING: Unmatched cancel notification for request id 736
2022.11.25 15:22:51 WARN  no build target for: /home/black/Working/332project/main/scala/Worker/Main.scala
2022.11.25 15:22:55 WARN  no build target for: /home/black/Working/332project/main/scala/Master/MasterServer.scala
2022.11.25 15:23:27 WARN  no build target for: /home/black/Working/332project/main/scala/Network/ServerBase.scala
2022.11.25 15:23:28 WARN  no build target for: /home/black/Working/332project/main/scala/Master/Main.scala
2022.11.25 15:24:49 WARN  no build target for: /home/black/Working/332project/project/scalapb.sbt
2022.11.25 15:25:05 WARN  no build target for: /home/black/Working/332project/build.sbt
2022.11.25 15:26:56 WARN  no build target for: /home/black/Working/332project/build.sbt
2022.11.25 15:27:00 INFO  running '/usr/lib/jvm/java-8-openjdk-amd64/jre/bin/java -Djline.terminal=jline.UnsupportedTerminal -Dsbt.log.noformat=true -Dfile.encoding=UTF-8 -jar /tmp/metals649795260376901887/sbt-launch.jar -Dbloop.export-jar-classifiers=sources bloopInstall'
2022.11.25 15:27:01 WARN  no build target for: /home/black/Working/332project/project/project/metals.sbt
2022.11.25 15:27:01 WARN  no build target for: /home/black/Working/332project/project/metals.sbt
2022.11.25 15:27:02 INFO  [info] welcome to sbt 1.8.0 (Private Build Java 1.8.0_352)
2022.11.25 15:27:06 INFO  [info] loading settings for project root-332project-build-build-build from metals.sbt ...
2022.11.25 15:27:06 INFO  [info] loading project definition from /home/black/Working/332project/project/project/project
2022.11.25 15:27:07 WARN  no build target for: /home/black/Working/332project/project/metals.sbt
2022.11.25 15:27:10 WARN  no build target for: /home/black/Working/332project/project/scalapb.sbt
2022.11.25 15:27:11 INFO  [info] loading settings for project root-332project-build-build from metals.sbt ...
2022.11.25 15:27:11 INFO  [info] loading project definition from /home/black/Working/332project/project/project
2022.11.25 15:27:17 INFO  [success] Generated .bloop/root-332project-build-build.json
2022.11.25 15:27:17 INFO  [success] Total time: 6 s, completed Nov 25, 2022 3:27:17 PM
2022.11.25 15:27:18 ERROR /home/black/Working/332project/project/scalapb.sbt:1: error: overloaded method value addSbtPlugin with alternatives:
2022.11.25 15:27:18 ERROR   (dependency: sbt.librarymanagement.ModuleID)sbt.Def.Setting[Seq[sbt.librarymanagement.ModuleID]] <and>
2022.11.25 15:27:18 ERROR   (dependency: sbt.librarymanagement.ModuleID,sbtVersion: String)sbt.Def.Setting[Seq[sbt.librarymanagement.ModuleID]] <and>
2022.11.25 15:27:18 ERROR   (dependency: sbt.librarymanagement.ModuleID,sbtVersion: String,scalaVersion: String)sbt.Def.Setting[Seq[sbt.librarymanagement.ModuleID]]
2022.11.25 15:27:18 ERROR  cannot be applied to (dpendency: sbt.librarymanagement.ModuleID)
2022.11.25 15:27:18 ERROR addSbtPlugin( dpendency = "com.thesamet" % "sbt-protoc" % "1.0.3" )
2022.11.25 15:27:18 ERROR ^
2022.11.25 15:27:17 INFO  [error] Type error in expression
2022.11.25 15:27:17 INFO  [warn] Project loading failed: (r)etry, (q)uit, (l)ast, or (i)gnore? (default: r)
2022.11.25 15:27:18 INFO  time: ran 'sbt bloopInstall' in 18s
2022.11.25 15:27:18 ERROR sbt command failed: /usr/lib/jvm/java-8-openjdk-amd64/jre/bin/java -Djline.terminal=jline.UnsupportedTerminal -Dsbt.log.noformat=true -Dfile.encoding=UTF-8 -jar /tmp/metals649795260376901887/sbt-launch.jar -Dbloop.export-jar-classifiers=sources bloopInstall
2022.11.25 15:27:18 INFO  skipping build import with status 'Failed'
2022.11.25 15:27:27 WARN  no build target for: /home/black/Working/332project/project/metals.sbt
Nov 25, 2022 3:27:29 PM org.eclipse.lsp4j.jsonrpc.RemoteEndpoint handleNotification
WARNING: Notification threw an exception: {
  "jsonrpc": "2.0",
  "method": "workspace/didChangeWatchedFiles",
  "params": {
    "changes": [
      {
        "uri": "file:///home/black/Working/332project/project/metals.sbt",
        "type": 3
      }
    ]
  }
}
java.lang.RuntimeException: java.lang.reflect.InvocationTargetException
	at org.eclipse.lsp4j.jsonrpc.services.GenericEndpoint.lambda$null$0(GenericEndpoint.java:67)
	at org.eclipse.lsp4j.jsonrpc.services.GenericEndpoint.notify(GenericEndpoint.java:152)
	at org.eclipse.lsp4j.jsonrpc.RemoteEndpoint.handleNotification(RemoteEndpoint.java:220)
	at org.eclipse.lsp4j.jsonrpc.RemoteEndpoint.consume(RemoteEndpoint.java:187)
	at org.eclipse.lsp4j.jsonrpc.json.StreamMessageProducer.handleMessage(StreamMessageProducer.java:194)
	at org.eclipse.lsp4j.jsonrpc.json.StreamMessageProducer.listen(StreamMessageProducer.java:94)
	at org.eclipse.lsp4j.jsonrpc.json.ConcurrentMessageProcessor.run(ConcurrentMessageProcessor.java:113)
	at java.util.concurrent.Executors$RunnableAdapter.call(Executors.java:511)
	at java.util.concurrent.FutureTask.run(FutureTask.java:266)
	at java.util.concurrent.ThreadPoolExecutor.runWorker(ThreadPoolExecutor.java:1149)
	at java.util.concurrent.ThreadPoolExecutor$Worker.run(ThreadPoolExecutor.java:624)
	at java.lang.Thread.run(Thread.java:750)
Caused by: java.lang.reflect.InvocationTargetException
	at sun.reflect.NativeMethodAccessorImpl.invoke0(Native Method)
	at sun.reflect.NativeMethodAccessorImpl.invoke(NativeMethodAccessorImpl.java:62)
	at sun.reflect.DelegatingMethodAccessorImpl.invoke(DelegatingMethodAccessorImpl.java:43)
	at java.lang.reflect.Method.invoke(Method.java:498)
	at org.eclipse.lsp4j.jsonrpc.services.GenericEndpoint.lambda$null$0(GenericEndpoint.java:65)
	... 11 more
Caused by: java.nio.file.NoSuchFileException: /home/black/Working/332project/project/metals.sbt
	at sun.nio.fs.UnixException.translateToIOException(UnixException.java:86)
	at sun.nio.fs.UnixException.rethrowAsIOException(UnixException.java:102)
	at sun.nio.fs.UnixException.rethrowAsIOException(UnixException.java:107)
	at sun.nio.fs.UnixFileSystemProvider.newByteChannel(UnixFileSystemProvider.java:214)
	at java.nio.file.Files.newByteChannel(Files.java:361)
	at java.nio.file.Files.newByteChannel(Files.java:407)
	at java.nio.file.Files.readAllBytes(Files.java:3152)
	at scala.meta.internal.io.PlatformFileIO$.slurp(PlatformFileIO.scala:45)
	at scala.meta.internal.io.FileIO$.slurp(FileIO.scala:24)
	at scala.meta.internal.metals.MetalsLanguageServer.$anonfun$onChange$1(MetalsLanguageServer.scala:1459)
	at scala.meta.internal.metals.MetalsLanguageServer.$anonfun$onChange$1$adapted(MetalsLanguageServer.scala:1458)
	at scala.collection.immutable.List.foreach(List.scala:333)
	at scala.meta.internal.metals.MetalsLanguageServer.onChange(MetalsLanguageServer.scala:1458)
	at scala.meta.internal.metals.MetalsLanguageServer.didChangeWatchedFiles(MetalsLanguageServer.scala:1401)
	... 16 more

2022.11.25 15:27:30 WARN  no build target for: /home/black/Working/332project/build.sbt
2022.11.25 15:28:13 WARN  no build target for: /home/black/Working/332project/build.sbt
2022.11.25 15:28:13 INFO  skipping build import with status 'Dismissed'
2022.11.25 15:28:29 WARN  no build target for: /home/black/Working/332project/build.sbt
2022.11.25 15:28:29 INFO  skipping build import with status 'Dismissed'
2022.11.25 15:28:37 WARN  no build target for: /home/black/Working/332project/project/scalapb.sbt
2022.11.25 15:29:24 WARN  no build target for: /home/black/Working/332project/project/plugins.sbt
2022.11.25 15:29:25 WARN  no build target for: /home/black/Working/332project/project/plugins.sbt
2022.11.25 15:29:25 INFO  skipping build import with status 'Dismissed'
2022.11.25 15:29:36 WARN  no build target for: /home/black/Working/332project/project/plugins.sbt
2022.11.25 15:29:49 WARN  no build target for: /home/black/Working/332project/build.sbt
2022.11.25 15:29:49 INFO  skipping build import with status 'Dismissed'
Nov 25, 2022 3:29:57 PM org.eclipse.lsp4j.jsonrpc.RemoteEndpoint handleNotification
WARNING: Notification threw an exception: {
  "jsonrpc": "2.0",
  "method": "workspace/didChangeWatchedFiles",
  "params": {
    "changes": [
      {
        "uri": "file:///home/black/Working/332project/project/scalapb.sbt",
        "type": 3
      }
    ]
  }
}
java.lang.RuntimeException: java.lang.reflect.InvocationTargetException
	at org.eclipse.lsp4j.jsonrpc.services.GenericEndpoint.lambda$null$0(GenericEndpoint.java:67)
	at org.eclipse.lsp4j.jsonrpc.services.GenericEndpoint.notify(GenericEndpoint.java:152)
	at org.eclipse.lsp4j.jsonrpc.RemoteEndpoint.handleNotification(RemoteEndpoint.java:220)
	at org.eclipse.lsp4j.jsonrpc.RemoteEndpoint.consume(RemoteEndpoint.java:187)
	at org.eclipse.lsp4j.jsonrpc.json.StreamMessageProducer.handleMessage(StreamMessageProducer.java:194)
	at org.eclipse.lsp4j.jsonrpc.json.StreamMessageProducer.listen(StreamMessageProducer.java:94)
	at org.eclipse.lsp4j.jsonrpc.json.ConcurrentMessageProcessor.run(ConcurrentMessageProcessor.java:113)
	at java.util.concurrent.Executors$RunnableAdapter.call(Executors.java:511)
	at java.util.concurrent.FutureTask.run(FutureTask.java:266)
	at java.util.concurrent.ThreadPoolExecutor.runWorker(ThreadPoolExecutor.java:1149)
	at java.util.concurrent.ThreadPoolExecutor$Worker.run(ThreadPoolExecutor.java:624)
	at java.lang.Thread.run(Thread.java:750)
Caused by: java.lang.reflect.InvocationTargetException
	at sun.reflect.NativeMethodAccessorImpl.invoke0(Native Method)
	at sun.reflect.NativeMethodAccessorImpl.invoke(NativeMethodAccessorImpl.java:62)
	at sun.reflect.DelegatingMethodAccessorImpl.invoke(DelegatingMethodAccessorImpl.java:43)
	at java.lang.reflect.Method.invoke(Method.java:498)
	at org.eclipse.lsp4j.jsonrpc.services.GenericEndpoint.lambda$null$0(GenericEndpoint.java:65)
	... 11 more
Caused by: java.nio.file.NoSuchFileException: /home/black/Working/332project/project/scalapb.sbt
	at sun.nio.fs.UnixException.translateToIOException(UnixException.java:86)
	at sun.nio.fs.UnixException.rethrowAsIOException(UnixException.java:102)
	at sun.nio.fs.UnixException.rethrowAsIOException(UnixException.java:107)
	at sun.nio.fs.UnixFileSystemProvider.newByteChannel(UnixFileSystemProvider.java:214)
	at java.nio.file.Files.newByteChannel(Files.java:361)
	at java.nio.file.Files.newByteChannel(Files.java:407)
	at java.nio.file.Files.readAllBytes(Files.java:3152)
	at scala.meta.internal.io.PlatformFileIO$.slurp(PlatformFileIO.scala:45)
	at scala.meta.internal.io.FileIO$.slurp(FileIO.scala:24)
	at scala.meta.internal.metals.MetalsLanguageServer.$anonfun$onChange$1(MetalsLanguageServer.scala:1459)
	at scala.meta.internal.metals.MetalsLanguageServer.$anonfun$onChange$1$adapted(MetalsLanguageServer.scala:1458)
	at scala.collection.immutable.List.foreach(List.scala:333)
	at scala.meta.internal.metals.MetalsLanguageServer.onChange(MetalsLanguageServer.scala:1458)
	at scala.meta.internal.metals.MetalsLanguageServer.didChangeWatchedFiles(MetalsLanguageServer.scala:1401)
	... 16 more

2022.11.25 15:34:48 WARN  no build target for: /home/black/Working/332project/main/scala/Master/MasterServer.scala
Nov 25, 2022 3:37:33 PM org.eclipse.lsp4j.jsonrpc.services.GenericEndpoint notify
INFO: Unsupported notification method: $/setTrace
